<?xml version="1.0" encoding="UTF-8"?>
<!-- Generated by org.testng.reporters.JUnitReportReporter -->
<testsuite hostname="linux" failures="0" tests="2" name="DataDriven" time="1.782" errors="0" timestamp="2020-04-07T23:16:11 IST" skipped="0">
  <testcase classname="DataDriven" name="post" time="1.751"/>
  <system-out/>
  <testcase classname="DataDriven" name="post" time="0.031"/>
  <system-out/>
</testsuite> <!-- DataDriven -->
