<?xml version="1.0" encoding="UTF-8"?>
<!-- Generated by org.testng.reporters.JUnitReportReporter -->
<testsuite hostname="linux" failures="0" tests="1" name="Post" time="4.159" errors="0" timestamp="2020-04-07T15:42:53 IST" skipped="0">
  <testcase classname="Post" name="test_post" time="4.159"/>
  <system-out/>
</testsuite> <!-- Post -->
