<?xml version="1.0" encoding="UTF-8"?>
<!-- Generated by org.testng.reporters.JUnitReportReporter -->
<testsuite hostname="linux" failures="0" tests="1" name="Second" time="3.814" errors="0" timestamp="2020-04-06T19:16:38 IST" skipped="0">
  <testcase classname="Second" name="Test_Get" time="3.814"/>
  <system-out/>
</testsuite> <!-- Second -->
