<?xml version="1.0" encoding="UTF-8"?>
<!-- Generated by org.testng.reporters.JUnitReportReporter -->
<testsuite hostname="linux" failures="0" tests="2" name="GET" time="4.473" errors="0" timestamp="2020-04-06T17:31:21 IST" skipped="0">
  <testcase classname="GET" name="test_2" time="1.604"/>
  <system-out/>
  <testcase classname="GET" name="test_1" time="2.869"/>
  <system-out/>
</testsuite> <!-- GET -->
